c:\cpp\dev\opengl\project1\debug\vc143.pdb
c:\cpp\dev\opengl\project1\debug\vc143.idb
c:\cpp\dev\opengl\project1\debug\application1.obj
c:\cpp\dev\opengl\project1\debug\project1.pdb
c:\cpp\dev\opengl\project1\debug\project1.tlog\cl.command.1.tlog
c:\cpp\dev\opengl\project1\debug\project1.tlog\cl.read.1.tlog
c:\cpp\dev\opengl\project1\debug\project1.tlog\cl.write.1.tlog
c:\cpp\dev\opengl\project1\debug\project1.tlog\link-cvtres.read.1.tlog
c:\cpp\dev\opengl\project1\debug\project1.tlog\link-cvtres.write.1.tlog
c:\cpp\dev\opengl\project1\debug\project1.tlog\link-rc.read.1.tlog
c:\cpp\dev\opengl\project1\debug\project1.tlog\link-rc.write.1.tlog
c:\cpp\dev\opengl\project1\debug\project1.tlog\link.14696-cvtres.read.1.tlog
c:\cpp\dev\opengl\project1\debug\project1.tlog\link.14696-cvtres.write.1.tlog
c:\cpp\dev\opengl\project1\debug\project1.tlog\link.14696-rc.read.1.tlog
c:\cpp\dev\opengl\project1\debug\project1.tlog\link.14696-rc.write.1.tlog
c:\cpp\dev\opengl\project1\debug\project1.tlog\link.14696.read.1.tlog
c:\cpp\dev\opengl\project1\debug\project1.tlog\link.14696.write.1.tlog
c:\cpp\dev\opengl\project1\debug\project1.tlog\link.command.1.tlog
c:\cpp\dev\opengl\project1\debug\project1.tlog\link.read.1.tlog
c:\cpp\dev\opengl\project1\debug\project1.tlog\link.write.1.tlog
